\BOOKMARK [1][-]{section.1}{\376\377\000P\000u\000r\000p\000o\000s\000e}{}% 1
\BOOKMARK [1][-]{section.2}{\376\377\000B\000a\000s\000e\000l\000i\000n\000e\000\040\000S\000t\000a\000t\000e\000\040\000\050\000P\000r\000e\000-\000M\000i\000g\000r\000a\000t\000i\000o\000n\000\051}{}% 2
\BOOKMARK [1][-]{section.3}{\376\377\000S\000t\000e\000p\000\040\0001\000:\000\040\000E\000n\000v\000i\000r\000o\000n\000m\000e\000n\000t\000\040\000S\000e\000t\000u\000p\000\040\000\050\000C\000o\000m\000p\000l\000e\000t\000e\000d\000\051}{}% 3
\BOOKMARK [2][-]{subsection.3.1}{\376\377\000O\000b\000j\000e\000c\000t\000i\000v\000e}{section.3}% 4
\BOOKMARK [2][-]{subsection.3.2}{\376\377\000A\000c\000t\000i\000o\000n\000s}{section.3}% 5
\BOOKMARK [2][-]{subsection.3.3}{\376\377\000R\000e\000s\000u\000l\000t}{section.3}% 6
\BOOKMARK [1][-]{section.4}{\376\377\000S\000t\000e\000p\000\040\0002\000:\000\040\000D\000a\000t\000a\000b\000a\000s\000e\000\040\000I\000n\000i\000t\000i\000a\000l\000i\000z\000a\000t\000i\000o\000n\000\040\000\050\000C\000o\000m\000p\000l\000e\000t\000e\000d\000\051}{}% 7
\BOOKMARK [2][-]{subsection.4.1}{\376\377\000O\000b\000j\000e\000c\000t\000i\000v\000e}{section.4}% 8
\BOOKMARK [2][-]{subsection.4.2}{\376\377\000A\000r\000t\000i\000f\000a\000c\000t\000s\000\040\000C\000r\000e\000a\000t\000e\000d}{section.4}% 9
\BOOKMARK [2][-]{subsection.4.3}{\376\377\000S\000c\000h\000e\000m\000a\000\040\000D\000e\000f\000i\000n\000e\000d}{section.4}% 10
\BOOKMARK [2][-]{subsection.4.4}{\376\377\000P\000r\000a\000g\000m\000a\000s}{section.4}% 11
\BOOKMARK [2][-]{subsection.4.5}{\376\377\000V\000e\000r\000i\000f\000i\000c\000a\000t\000i\000o\000n}{section.4}% 12
\BOOKMARK [1][-]{section.5}{\376\377\000S\000t\000e\000p\000\040\0003\000:\000\040\000D\000a\000t\000a\000\040\000M\000i\000g\000r\000a\000t\000i\000o\000n\000\040\000\050\000C\000o\000m\000p\000l\000e\000t\000e\000d\000\051}{}% 13
\BOOKMARK [2][-]{subsection.5.1}{\376\377\000O\000b\000j\000e\000c\000t\000i\000v\000e}{section.5}% 14
\BOOKMARK [2][-]{subsection.5.2}{\376\377\000A\000r\000t\000i\000f\000a\000c\000t\000s\000\040\000C\000r\000e\000a\000t\000e\000d}{section.5}% 15
\BOOKMARK [2][-]{subsection.5.3}{\376\377\000W\000h\000a\000t\000\040\000t\000h\000e\000\040\000s\000c\000r\000i\000p\000t\000\040\000d\000o\000e\000s}{section.5}% 16
\BOOKMARK [2][-]{subsection.5.4}{\376\377\000F\000i\000e\000l\000d\000\040\000m\000a\000p\000p\000i\000n\000g}{section.5}% 17
\BOOKMARK [2][-]{subsection.5.5}{\376\377\000H\000o\000w\000\040\000w\000e\000\040\000r\000a\000n\000\040\000i\000t}{section.5}% 18
\BOOKMARK [2][-]{subsection.5.6}{\376\377\000V\000e\000r\000i\000f\000i\000c\000a\000t\000i\000o\000n}{section.5}% 19
\BOOKMARK [2][-]{subsection.5.7}{\376\377\000I\000d\000e\000m\000p\000o\000t\000e\000n\000c\000y\000\040\000a\000n\000d\000\040\000s\000a\000f\000e\000t\000y}{section.5}% 20
\BOOKMARK [1][-]{section.6}{\376\377\000C\000h\000a\000n\000g\000e\000\040\000L\000o\000g}{}% 21
\BOOKMARK [1][-]{section.7}{\376\377\000H\000o\000w\000\040\000t\000o\000\040\000R\000e\000p\000r\000o\000d\000u\000c\000e\000\040\000C\000u\000r\000r\000e\000n\000t\000\040\000D\000B\000\040\000S\000t\000a\000t\000e}{}% 22
